<?xml version="1.0" encoding="UTF-8"?>
<testsuite xmlns:xsi="http://www.w3.org/2001/XMLSchema-instance" xsi:noNamespaceSchemaLocation="https://maven.apache.org/surefire/maven-surefire-plugin/xsd/surefire-test-report-3.0.xsd" version="3.0" name="TestSuite" time="129.914" tests="16" errors="0" skipped="0" failures="0">
  <properties>
    <property name="sun.desktop" value="windows"/>
    <property name="awt.toolkit" value="sun.awt.windows.WToolkit"/>
    <property name="file.encoding.pkg" value="sun.io"/>
    <property name="java.specification.version" value="1.8"/>
    <property name="sun.cpu.isalist" value="amd64"/>
    <property name="sun.jnu.encoding" value="Cp1252"/>
    <property name="java.class.path" value="C:\Yayie\EclipseProjects\SeleniumClassJan2020\SimpliLearnSeleniumMavenProject\target\test-classes;C:\Yayie\EclipseProjects\SeleniumClassJan2020\SimpliLearnSeleniumMavenProject\target\classes;C:\Users\Ferdinand\.m2\repository\org\seleniumhq\selenium\selenium-java\3.141.59\selenium-java-3.141.59.jar;C:\Users\Ferdinand\.m2\repository\org\seleniumhq\selenium\selenium-api\3.141.59\selenium-api-3.141.59.jar;C:\Users\Ferdinand\.m2\repository\org\seleniumhq\selenium\selenium-chrome-driver\3.141.59\selenium-chrome-driver-3.141.59.jar;C:\Users\Ferdinand\.m2\repository\org\seleniumhq\selenium\selenium-edge-driver\3.141.59\selenium-edge-driver-3.141.59.jar;C:\Users\Ferdinand\.m2\repository\org\seleniumhq\selenium\selenium-firefox-driver\3.141.59\selenium-firefox-driver-3.141.59.jar;C:\Users\Ferdinand\.m2\repository\org\seleniumhq\selenium\selenium-ie-driver\3.141.59\selenium-ie-driver-3.141.59.jar;C:\Users\Ferdinand\.m2\repository\org\seleniumhq\selenium\selenium-opera-driver\3.141.59\selenium-opera-driver-3.141.59.jar;C:\Users\Ferdinand\.m2\repository\org\seleniumhq\selenium\selenium-remote-driver\3.141.59\selenium-remote-driver-3.141.59.jar;C:\Users\Ferdinand\.m2\repository\org\seleniumhq\selenium\selenium-safari-driver\3.141.59\selenium-safari-driver-3.141.59.jar;C:\Users\Ferdinand\.m2\repository\org\seleniumhq\selenium\selenium-support\3.141.59\selenium-support-3.141.59.jar;C:\Users\Ferdinand\.m2\repository\net\bytebuddy\byte-buddy\1.8.15\byte-buddy-1.8.15.jar;C:\Users\Ferdinand\.m2\repository\org\apache\commons\commons-exec\1.3\commons-exec-1.3.jar;C:\Users\Ferdinand\.m2\repository\com\google\guava\guava\25.0-jre\guava-25.0-jre.jar;C:\Users\Ferdinand\.m2\repository\com\google\code\findbugs\jsr305\1.3.9\jsr305-1.3.9.jar;C:\Users\Ferdinand\.m2\repository\org\checkerframework\checker-compat-qual\2.0.0\checker-compat-qual-2.0.0.jar;C:\Users\Ferdinand\.m2\repository\com\google\errorprone\error_prone_annotations\2.1.3\error_prone_annotations-2.1.3.jar;C:\Users\Ferdinand\.m2\repository\com\google\j2objc\j2objc-annotations\1.1\j2objc-annotations-1.1.jar;C:\Users\Ferdinand\.m2\repository\org\codehaus\mojo\animal-sniffer-annotations\1.14\animal-sniffer-annotations-1.14.jar;C:\Users\Ferdinand\.m2\repository\com\squareup\okhttp3\okhttp\3.11.0\okhttp-3.11.0.jar;C:\Users\Ferdinand\.m2\repository\com\squareup\okio\okio\1.14.0\okio-1.14.0.jar;C:\Users\Ferdinand\.m2\repository\org\testng\testng\7.0.0\testng-7.0.0.jar;C:\Users\Ferdinand\.m2\repository\com\beust\jcommander\1.72\jcommander-1.72.jar;C:\Users\Ferdinand\.m2\repository\org\apache\poi\poi\4.1.0\poi-4.1.0.jar;C:\Users\Ferdinand\.m2\repository\commons-codec\commons-codec\1.12\commons-codec-1.12.jar;C:\Users\Ferdinand\.m2\repository\org\apache\commons\commons-collections4\4.3\commons-collections4-4.3.jar;C:\Users\Ferdinand\.m2\repository\org\apache\commons\commons-math3\3.6.1\commons-math3-3.6.1.jar;C:\Users\Ferdinand\.m2\repository\org\apache\poi\poi-ooxml\4.1.0\poi-ooxml-4.1.0.jar;C:\Users\Ferdinand\.m2\repository\org\apache\commons\commons-compress\1.18\commons-compress-1.18.jar;C:\Users\Ferdinand\.m2\repository\com\github\virtuald\curvesapi\1.06\curvesapi-1.06.jar;C:\Users\Ferdinand\.m2\repository\org\apache\poi\poi-ooxml-schemas\4.1.0\poi-ooxml-schemas-4.1.0.jar;C:\Users\Ferdinand\.m2\repository\org\apache\xmlbeans\xmlbeans\3.1.0\xmlbeans-3.1.0.jar;C:\Users\Ferdinand\.m2\repository\com\google\inject\guice\3.0\guice-3.0.jar;C:\Users\Ferdinand\.m2\repository\javax\inject\javax.inject\1\javax.inject-1.jar;C:\Users\Ferdinand\.m2\repository\aopalliance\aopalliance\1.0\aopalliance-1.0.jar;C:\Users\Ferdinand\.m2\repository\org\uncommons\reportng\1.1.4\reportng-1.1.4.jar;C:\Users\Ferdinand\.m2\repository\velocity\velocity\1.4\velocity-1.4.jar;C:\Users\Ferdinand\.m2\repository\velocity\velocity-dep\1.4\velocity-dep-1.4.jar;C:\Users\Ferdinand\.m2\repository\log4j\log4j\1.2.17\log4j-1.2.17.jar;"/>
    <property name="java.vm.vendor" value="Oracle Corporation"/>
    <property name="sun.arch.data.model" value="64"/>
    <property name="user.variant" value=""/>
    <property name="java.vendor.url" value="http://java.oracle.com/"/>
    <property name="user.timezone" value="America/New_York"/>
    <property name="java.vm.specification.version" value="1.8"/>
    <property name="os.name" value="Windows 10"/>
    <property name="user.country" value="US"/>
    <property name="sun.java.launcher" value="SUN_STANDARD"/>
    <property name="sun.boot.library.path" value="C:\Program Files\Java\jdk1.8.0_211\jre\bin"/>
    <property name="sun.java.command" value="C:\Users\Ferdinand\AppData\Local\Temp\surefire8724552554530584462\surefirebooter3295447721296951890.jar C:\Users\Ferdinand\AppData\Local\Temp\surefire8724552554530584462 2020-02-09T20-03-53_711-jvmRun1 surefire4959648370363488757tmp surefire_02758149372796273701tmp"/>
    <property name="surefire.test.class.path" value="C:\Yayie\EclipseProjects\SeleniumClassJan2020\SimpliLearnSeleniumMavenProject\target\test-classes;C:\Yayie\EclipseProjects\SeleniumClassJan2020\SimpliLearnSeleniumMavenProject\target\classes;C:\Users\Ferdinand\.m2\repository\org\seleniumhq\selenium\selenium-java\3.141.59\selenium-java-3.141.59.jar;C:\Users\Ferdinand\.m2\repository\org\seleniumhq\selenium\selenium-api\3.141.59\selenium-api-3.141.59.jar;C:\Users\Ferdinand\.m2\repository\org\seleniumhq\selenium\selenium-chrome-driver\3.141.59\selenium-chrome-driver-3.141.59.jar;C:\Users\Ferdinand\.m2\repository\org\seleniumhq\selenium\selenium-edge-driver\3.141.59\selenium-edge-driver-3.141.59.jar;C:\Users\Ferdinand\.m2\repository\org\seleniumhq\selenium\selenium-firefox-driver\3.141.59\selenium-firefox-driver-3.141.59.jar;C:\Users\Ferdinand\.m2\repository\org\seleniumhq\selenium\selenium-ie-driver\3.141.59\selenium-ie-driver-3.141.59.jar;C:\Users\Ferdinand\.m2\repository\org\seleniumhq\selenium\selenium-opera-driver\3.141.59\selenium-opera-driver-3.141.59.jar;C:\Users\Ferdinand\.m2\repository\org\seleniumhq\selenium\selenium-remote-driver\3.141.59\selenium-remote-driver-3.141.59.jar;C:\Users\Ferdinand\.m2\repository\org\seleniumhq\selenium\selenium-safari-driver\3.141.59\selenium-safari-driver-3.141.59.jar;C:\Users\Ferdinand\.m2\repository\org\seleniumhq\selenium\selenium-support\3.141.59\selenium-support-3.141.59.jar;C:\Users\Ferdinand\.m2\repository\net\bytebuddy\byte-buddy\1.8.15\byte-buddy-1.8.15.jar;C:\Users\Ferdinand\.m2\repository\org\apache\commons\commons-exec\1.3\commons-exec-1.3.jar;C:\Users\Ferdinand\.m2\repository\com\google\guava\guava\25.0-jre\guava-25.0-jre.jar;C:\Users\Ferdinand\.m2\repository\com\google\code\findbugs\jsr305\1.3.9\jsr305-1.3.9.jar;C:\Users\Ferdinand\.m2\repository\org\checkerframework\checker-compat-qual\2.0.0\checker-compat-qual-2.0.0.jar;C:\Users\Ferdinand\.m2\repository\com\google\errorprone\error_prone_annotations\2.1.3\error_prone_annotations-2.1.3.jar;C:\Users\Ferdinand\.m2\repository\com\google\j2objc\j2objc-annotations\1.1\j2objc-annotations-1.1.jar;C:\Users\Ferdinand\.m2\repository\org\codehaus\mojo\animal-sniffer-annotations\1.14\animal-sniffer-annotations-1.14.jar;C:\Users\Ferdinand\.m2\repository\com\squareup\okhttp3\okhttp\3.11.0\okhttp-3.11.0.jar;C:\Users\Ferdinand\.m2\repository\com\squareup\okio\okio\1.14.0\okio-1.14.0.jar;C:\Users\Ferdinand\.m2\repository\org\testng\testng\7.0.0\testng-7.0.0.jar;C:\Users\Ferdinand\.m2\repository\com\beust\jcommander\1.72\jcommander-1.72.jar;C:\Users\Ferdinand\.m2\repository\org\apache\poi\poi\4.1.0\poi-4.1.0.jar;C:\Users\Ferdinand\.m2\repository\commons-codec\commons-codec\1.12\commons-codec-1.12.jar;C:\Users\Ferdinand\.m2\repository\org\apache\commons\commons-collections4\4.3\commons-collections4-4.3.jar;C:\Users\Ferdinand\.m2\repository\org\apache\commons\commons-math3\3.6.1\commons-math3-3.6.1.jar;C:\Users\Ferdinand\.m2\repository\org\apache\poi\poi-ooxml\4.1.0\poi-ooxml-4.1.0.jar;C:\Users\Ferdinand\.m2\repository\org\apache\commons\commons-compress\1.18\commons-compress-1.18.jar;C:\Users\Ferdinand\.m2\repository\com\github\virtuald\curvesapi\1.06\curvesapi-1.06.jar;C:\Users\Ferdinand\.m2\repository\org\apache\poi\poi-ooxml-schemas\4.1.0\poi-ooxml-schemas-4.1.0.jar;C:\Users\Ferdinand\.m2\repository\org\apache\xmlbeans\xmlbeans\3.1.0\xmlbeans-3.1.0.jar;C:\Users\Ferdinand\.m2\repository\com\google\inject\guice\3.0\guice-3.0.jar;C:\Users\Ferdinand\.m2\repository\javax\inject\javax.inject\1\javax.inject-1.jar;C:\Users\Ferdinand\.m2\repository\aopalliance\aopalliance\1.0\aopalliance-1.0.jar;C:\Users\Ferdinand\.m2\repository\org\uncommons\reportng\1.1.4\reportng-1.1.4.jar;C:\Users\Ferdinand\.m2\repository\velocity\velocity\1.4\velocity-1.4.jar;C:\Users\Ferdinand\.m2\repository\velocity\velocity-dep\1.4\velocity-dep-1.4.jar;C:\Users\Ferdinand\.m2\repository\log4j\log4j\1.2.17\log4j-1.2.17.jar;"/>
    <property name="sun.cpu.endian" value="little"/>
    <property name="user.home" value="C:\Users\Ferdinand"/>
    <property name="user.language" value="en"/>
    <property name="java.specification.vendor" value="Oracle Corporation"/>
    <property name="java.home" value="C:\Program Files\Java\jdk1.8.0_211\jre"/>
    <property name="basedir" value="C:\Yayie\EclipseProjects\SeleniumClassJan2020\SimpliLearnSeleniumMavenProject"/>
    <property name="file.separator" value="\"/>
    <property name="line.separator" value="&#10;"/>
    <property name="java.vm.specification.vendor" value="Oracle Corporation"/>
    <property name="java.specification.name" value="Java Platform API Specification"/>
    <property name="java.awt.graphicsenv" value="sun.awt.Win32GraphicsEnvironment"/>
    <property name="surefire.real.class.path" value="C:\Users\Ferdinand\AppData\Local\Temp\surefire8724552554530584462\surefirebooter3295447721296951890.jar"/>
    <property name="sun.boot.class.path" value="C:\Program Files\Java\jdk1.8.0_211\jre\lib\resources.jar;C:\Program Files\Java\jdk1.8.0_211\jre\lib\rt.jar;C:\Program Files\Java\jdk1.8.0_211\jre\lib\sunrsasign.jar;C:\Program Files\Java\jdk1.8.0_211\jre\lib\jsse.jar;C:\Program Files\Java\jdk1.8.0_211\jre\lib\jce.jar;C:\Program Files\Java\jdk1.8.0_211\jre\lib\charsets.jar;C:\Program Files\Java\jdk1.8.0_211\jre\lib\jfr.jar;C:\Program Files\Java\jdk1.8.0_211\jre\classes"/>
    <property name="user.script" value=""/>
    <property name="sun.management.compiler" value="HotSpot 64-Bit Tiered Compilers"/>
    <property name="java.runtime.version" value="1.8.0_211-b12"/>
    <property name="user.name" value="Ferdinand"/>
    <property name="path.separator" value=";"/>
    <property name="os.version" value="10.0"/>
    <property name="java.endorsed.dirs" value="C:\Program Files\Java\jdk1.8.0_211\jre\lib\endorsed"/>
    <property name="java.runtime.name" value="Java(TM) SE Runtime Environment"/>
    <property name="file.encoding" value="Cp1252"/>
    <property name="java.vm.name" value="Java HotSpot(TM) 64-Bit Server VM"/>
    <property name="localRepository" value="C:\Users\Ferdinand\.m2\repository"/>
    <property name="java.vendor.url.bug" value="http://bugreport.sun.com/bugreport/"/>
    <property name="java.io.tmpdir" value="C:\Users\FERDIN~1\AppData\Local\Temp\"/>
    <property name="java.version" value="1.8.0_211"/>
    <property name="user.dir" value="C:\Yayie\EclipseProjects\SeleniumClassJan2020\SimpliLearnSeleniumMavenProject"/>
    <property name="os.arch" value="amd64"/>
    <property name="java.vm.specification.name" value="Java Virtual Machine Specification"/>
    <property name="java.awt.printerjob" value="sun.awt.windows.WPrinterJob"/>
    <property name="sun.os.patch.level" value=""/>
    <property name="java.library.path" value="C:\Program Files\Java\jdk1.8.0_211\jre\bin;C:\WINDOWS\Sun\Java\bin;C:\WINDOWS\system32;C:\WINDOWS;C:/Program Files/Java/jre1.8.0_211/bin/server;C:/Program Files/Java/jre1.8.0_211/bin;C:/Program Files/Java/jre1.8.0_211/lib/amd64;C:\Program Files (x86)\Common Files\Oracle\Java\javapath;C:\ProgramData\Oracle\Java\javapath;C:\WINDOWS\system32;C:\WINDOWS;C:\WINDOWS\System32\Wbem;C:\WINDOWS\System32\WindowsPowerShell\v1.0\;C:\WINDOWS\System32\OpenSSH\;C:\Program Files\Git\cmd;C:\Program Files\apache-maven-3.6.2\bin;C:\Program Files\Java\jdk1.8.0_211\bin;C:\Users\Ferdinand\AppData\Local\Microsoft\WindowsApps;;C:\Users\Ferdinand\AppData\Local\Programs\Microsoft VS Code\bin;C:\Users\Ferdinand\Documents\Yayie\SimpliLearn\LabSetup\Jan11DownloadsDuringTraining\eclipse;;."/>
    <property name="java.vm.info" value="mixed mode"/>
    <property name="java.vendor" value="Oracle Corporation"/>
    <property name="java.vm.version" value="25.211-b12"/>
    <property name="java.ext.dirs" value="C:\Program Files\Java\jdk1.8.0_211\jre\lib\ext;C:\WINDOWS\Sun\Java\lib\ext"/>
    <property name="sun.io.unicode.encoding" value="UnicodeLittle"/>
    <property name="java.class.version" value="52.0"/>
  </properties>
  <testcase name="CreateNewAccount" classname="com.simplilearn.tests.TestCreateAccount" time="7.714"/>
  <testcase name="CreateNewAccount" classname="com.simplilearn.tests.TestCreateAccount" time="6.155"/>
  <testcase name="CreateNewAccountWithPostCodeLessThan4Chars" classname="com.simplilearn.tests.TestCreateAccount" time="4.88"/>
  <testcase name="CreateNewAccountWithPostCodeLessThan4Chars" classname="com.simplilearn.tests.TestCreateAccount" time="4.769"/>
  <testcase name="CreateNewAccountWithoutCountrySpecified" classname="com.simplilearn.tests.TestCreateAccount" time="4.656"/>
  <testcase name="CreateNewAccountWithoutCountrySpecified" classname="com.simplilearn.tests.TestCreateAccount" time="4.666"/>
  <testcase name="LogOff" classname="com.simplilearn.tests.TestLogOff" time="4.884"/>
  <testcase name="Purchase3Products" classname="com.simplilearn.tests.TestPlaceOrder" time="26.017"/>
  <testcase name="SearchByManufacturer" classname="com.simplilearn.tests.TestSearch" time="1.556"/>
  <testcase name="SearchBySearchBox" classname="com.simplilearn.tests.TestSearch" time="1.044"/>
  <testcase name="ShareProductToFacebook" classname="com.simplilearn.tests.TestShareProduct" time="10.608"/>
  <testcase name="ShareProductToGooglePlus" classname="com.simplilearn.tests.TestShareProduct" time="8.817"/>
  <testcase name="ShareProductToPinterest" classname="com.simplilearn.tests.TestShareProduct" time="11.842"/>
  <testcase name="SignInWithInvalidCredentials" classname="com.simplilearn.tests.TestSignIn" time="3.222"/>
  <testcase name="SignInWithValidCredentials" classname="com.simplilearn.tests.TestSignIn" time="4.662"/>
  <testcase name="WriteReviewOnOrder" classname="com.simplilearn.tests.TestWriteReview" time="11.653"/>
</testsuite>