<?xml version="1.0" encoding="UTF-8"?>
<!-- Generated by org.testng.reporters.JUnitReportReporter -->
<testsuite skipped="0" hostname="KNOX" name="com.simplilearn.tests.TestCreateAccount" tests="6" failures="0" timestamp="2020-02-09T19:21:16 EST" time="37.403" errors="0">
  <testcase name="CreateNewAccountWithoutCountrySpecified" time="6.878" classname="com.simplilearn.tests.TestCreateAccount"/>
  <testcase name="CreateNewAccountWithPostCodeLessThan4Chars" time="5.404" classname="com.simplilearn.tests.TestCreateAccount"/>
  <testcase name="CreateNewAccount" time="6.840" classname="com.simplilearn.tests.TestCreateAccount"/>
  <testcase name="CreateNewAccount" time="8.001" classname="com.simplilearn.tests.TestCreateAccount"/>
  <testcase name="CreateNewAccountWithPostCodeLessThan4Chars" time="4.844" classname="com.simplilearn.tests.TestCreateAccount"/>
  <testcase name="CreateNewAccountWithoutCountrySpecified" time="5.436" classname="com.simplilearn.tests.TestCreateAccount"/>
</testsuite> <!-- com.simplilearn.tests.TestCreateAccount -->
