<?xml version="1.0" encoding="UTF-8"?>
<!-- Generated by org.testng.reporters.JUnitReportReporter -->
<testsuite skipped="0" hostname="KNOX" name="com.simplilearn.tests.TestSearch" tests="2" failures="0" timestamp="2021-01-08T21:17:18 EST" time="4.113" errors="0">
  <testcase name="SearchByManufacturer" time="2.517" classname="com.simplilearn.tests.TestSearch"/>
  <testcase name="SearchBySearchBox" time="1.596" classname="com.simplilearn.tests.TestSearch"/>
</testsuite> <!-- com.simplilearn.tests.TestSearch -->
