<?xml version="1.0" encoding="UTF-8"?>
<!-- Generated by org.testng.reporters.JUnitReportReporter -->
<testsuite skipped="0" hostname="KNOX" name="com.simplilearn.tests.TestShareProduct" tests="3" failures="0" timestamp="2020-02-09T19:21:16 EST" time="42.354" errors="0">
  <testcase name="ShareProductToFacebook" time="16.308" classname="com.simplilearn.tests.TestShareProduct"/>
  <testcase name="ShareProductToGooglePlus" time="10.482" classname="com.simplilearn.tests.TestShareProduct"/>
  <testcase name="ShareProductToPinterest" time="15.564" classname="com.simplilearn.tests.TestShareProduct"/>
</testsuite> <!-- com.simplilearn.tests.TestShareProduct -->
