<?xml version="1.0" encoding="UTF-8"?>
<!-- Generated by org.testng.reporters.JUnitReportReporter -->
<testsuite skipped="0" hostname="KNOX" name="com.simplilearn.tests.TestSignIn" tests="2" failures="0" timestamp="2021-01-08T21:17:18 EST" time="10.108" errors="0">
  <testcase name="SignInWithValidCredentials" time="4.581" classname="com.simplilearn.tests.TestSignIn"/>
  <testcase name="SignInWithInvalidCredentials" time="5.527" classname="com.simplilearn.tests.TestSignIn"/>
</testsuite> <!-- com.simplilearn.tests.TestSignIn -->
