<?xml version="1.0" encoding="UTF-8"?>
<!-- Generated by org.testng.reporters.JUnitReportReporter -->
<testsuite skipped="0" hostname="KNOX" name="com.simplilearn.tests.TestSignIn" tests="2" failures="0" timestamp="2020-02-09T19:21:16 EST" time="6.850" errors="0">
  <testcase name="SignInWithInvalidCredentials" time="3.218" classname="com.simplilearn.tests.TestSignIn"/>
  <testcase name="SignInWithValidCredentials" time="3.632" classname="com.simplilearn.tests.TestSignIn"/>
</testsuite> <!-- com.simplilearn.tests.TestSignIn -->
