<?xml version="1.0" encoding="UTF-8"?>
<!-- Generated by org.testng.reporters.JUnitReportReporter -->
<testsuite skipped="0" hostname="KNOX" name="com.simplilearn.tests.TestSearch" tests="2" failures="0" timestamp="2020-02-09T19:21:16 EST" time="4.377" errors="0">
  <testcase name="SearchByManufacturer" time="2.578" classname="com.simplilearn.tests.TestSearch"/>
  <testcase name="SearchBySearchBox" time="1.799" classname="com.simplilearn.tests.TestSearch"/>
</testsuite> <!-- com.simplilearn.tests.TestSearch -->
