<?xml version="1.0" encoding="UTF-8"?>
<!-- Generated by org.testng.reporters.JUnitReportReporter -->
<testsuite skipped="0" hostname="KNOX" name="com.simplilearn.tests.TestPlaceOrder" tests="1" failures="0" timestamp="2020-02-09T19:21:16 EST" time="25.715" errors="0">
  <testcase name="Purchase3Products" time="25.715" classname="com.simplilearn.tests.TestPlaceOrder"/>
</testsuite> <!-- com.simplilearn.tests.TestPlaceOrder -->
