<?xml version="1.0" encoding="UTF-8"?>
<!-- Generated by org.testng.reporters.JUnitReportReporter -->
<testsuite skipped="0" hostname="KNOX" name="com.simplilearn.tests.TestWriteReview" tests="1" failures="0" timestamp="2020-02-09T19:21:16 EST" time="10.040" errors="0">
  <testcase name="WriteReviewOnOrder" time="10.040" classname="com.simplilearn.tests.TestWriteReview"/>
</testsuite> <!-- com.simplilearn.tests.TestWriteReview -->
