<?xml version="1.0" encoding="UTF-8"?>
<!-- Generated by org.testng.reporters.JUnitReportReporter -->
<testsuite skipped="0" hostname="KNOX" name="com.simplilearn.tests.TestCreateAccount" tests="6" failures="0" timestamp="2021-01-08T21:17:18 EST" time="34.962" errors="0">
  <testcase name="CreateNewAccountWithoutCountrySpecified" time="6.045" classname="com.simplilearn.tests.TestCreateAccount"/>
  <testcase name="CreateNewAccountWithPostCodeLessThan4Chars" time="5.011" classname="com.simplilearn.tests.TestCreateAccount"/>
  <testcase name="CreateNewAccountWithPostCodeLessThan4Chars" time="4.930" classname="com.simplilearn.tests.TestCreateAccount"/>
  <testcase name="CreateNewAccountWithoutCountrySpecified" time="5.116" classname="com.simplilearn.tests.TestCreateAccount"/>
  <testcase name="CreateNewAccount" time="6.518" classname="com.simplilearn.tests.TestCreateAccount"/>
  <testcase name="CreateNewAccount" time="7.342" classname="com.simplilearn.tests.TestCreateAccount"/>
</testsuite> <!-- com.simplilearn.tests.TestCreateAccount -->
