<?xml version="1.0" encoding="UTF-8"?>
<!-- Generated by org.testng.reporters.JUnitReportReporter -->
<testsuite skipped="0" hostname="KNOX" name="com.simplilearn.tests.TestSearch" tests="2" failures="0" timestamp="2020-02-09T20:06:05 EST" time="3.516" errors="0">
  <testcase name="SearchByManufacturer" time="2.050" classname="com.simplilearn.tests.TestSearch"/>
  <testcase name="SearchBySearchBox" time="1.466" classname="com.simplilearn.tests.TestSearch"/>
</testsuite> <!-- com.simplilearn.tests.TestSearch -->
