<?xml version="1.0" encoding="UTF-8"?>
<!-- Generated by org.testng.reporters.JUnitReportReporter -->
<testsuite skipped="0" hostname="KNOX" name="com.simplilearn.tests.TestSignIn" tests="2" failures="0" timestamp="2020-02-09T20:06:05 EST" time="7.885" errors="0">
  <testcase name="SignInWithValidCredentials" time="4.664" classname="com.simplilearn.tests.TestSignIn"/>
  <testcase name="SignInWithInvalidCredentials" time="3.221" classname="com.simplilearn.tests.TestSignIn"/>
</testsuite> <!-- com.simplilearn.tests.TestSignIn -->
