<?xml version="1.0" encoding="UTF-8"?>
<!-- Generated by org.testng.reporters.JUnitReportReporter -->
<testsuite skipped="0" hostname="KNOX" name="com.simplilearn.tests.TestPlaceOrder" tests="1" failures="0" timestamp="2020-02-09T20:06:05 EST" time="26.018" errors="0">
  <testcase name="Purchase3Products" time="26.018" classname="com.simplilearn.tests.TestPlaceOrder"/>
</testsuite> <!-- com.simplilearn.tests.TestPlaceOrder -->
