<?xml version="1.0" encoding="UTF-8"?>
<!-- Generated by org.testng.reporters.JUnitReportReporter -->
<testsuite skipped="0" hostname="KNOX" name="com.simplilearn.tests.TestShareProduct" tests="3" failures="0" timestamp="2020-02-09T20:06:05 EST" time="31.268" errors="0">
  <testcase name="ShareProductToPinterest" time="11.843" classname="com.simplilearn.tests.TestShareProduct"/>
  <testcase name="ShareProductToGooglePlus" time="8.816" classname="com.simplilearn.tests.TestShareProduct"/>
  <testcase name="ShareProductToFacebook" time="10.609" classname="com.simplilearn.tests.TestShareProduct"/>
</testsuite> <!-- com.simplilearn.tests.TestShareProduct -->
