<?xml version="1.0" encoding="UTF-8"?>
<!-- Generated by org.testng.reporters.JUnitReportReporter -->
<testsuite skipped="0" hostname="KNOX" name="com.simplilearn.tests.TestWriteReview" tests="1" failures="0" timestamp="2020-02-09T20:06:05 EST" time="11.655" errors="0">
  <testcase name="WriteReviewOnOrder" time="11.655" classname="com.simplilearn.tests.TestWriteReview"/>
</testsuite> <!-- com.simplilearn.tests.TestWriteReview -->
