<?xml version="1.0" encoding="UTF-8"?>
<!-- Generated by org.testng.reporters.JUnitReportReporter -->
<testsuite skipped="0" hostname="KNOX" name="com.simplilearn.tests.TestCreateAccount" tests="6" failures="0" timestamp="2020-02-09T20:06:05 EST" time="32.846" errors="0">
  <testcase name="CreateNewAccount" time="7.712" classname="com.simplilearn.tests.TestCreateAccount"/>
  <testcase name="CreateNewAccount" time="6.160" classname="com.simplilearn.tests.TestCreateAccount"/>
  <testcase name="CreateNewAccountWithoutCountrySpecified" time="4.655" classname="com.simplilearn.tests.TestCreateAccount"/>
  <testcase name="CreateNewAccountWithPostCodeLessThan4Chars" time="4.770" classname="com.simplilearn.tests.TestCreateAccount"/>
  <testcase name="CreateNewAccountWithPostCodeLessThan4Chars" time="4.882" classname="com.simplilearn.tests.TestCreateAccount"/>
  <testcase name="CreateNewAccountWithoutCountrySpecified" time="4.667" classname="com.simplilearn.tests.TestCreateAccount"/>
</testsuite> <!-- com.simplilearn.tests.TestCreateAccount -->
