<?xml version="1.0" encoding="UTF-8"?>
<!-- Generated by org.testng.reporters.JUnitReportReporter -->
<testsuite skipped="0" hostname="KNOX" name="com.simplilearn.tests.TestLogOff" tests="1" failures="0" timestamp="2020-02-09T20:06:05 EST" time="5.283" errors="0">
  <testcase name="LogOff" time="5.283" classname="com.simplilearn.tests.TestLogOff"/>
</testsuite> <!-- com.simplilearn.tests.TestLogOff -->
